0 info it worked if it ends with ok
1 verbose cli [ '/usr/local/bin/node', '/usr/local/bin/npm', 'start' ]
2 info using npm@3.10.10
3 info using node@v6.9.5
4 verbose run-script [ 'prestart', 'start', 'poststart' ]
5 info lifecycle codeaddslife.github.io@1.0.0~prestart: codeaddslife.github.io@1.0.0
6 silly lifecycle codeaddslife.github.io@1.0.0~prestart: no script for prestart, continuing
7 info lifecycle codeaddslife.github.io@1.0.0~start: codeaddslife.github.io@1.0.0
8 verbose lifecycle codeaddslife.github.io@1.0.0~start: unsafe-perm in lifecycle true
9 verbose lifecycle codeaddslife.github.io@1.0.0~start: PATH: /usr/local/lib/node_modules/npm/bin/node-gyp-bin:/Users/andy/git/codeaddslife/codeaddslife.github.io/node_modules/.bin:/Users/andy/.jenv/bin:/Library/Frameworks/Python.framework/Versions/3.4/bin:/Library/Frameworks/Python.framework/Versions/3.4/bin:/Library/Frameworks/Python.framework/Versions/3.5/bin:/Library/Frameworks/Python.framework/Versions/3.5/bin:/Users/andy/.sdkman/candidates/scala/current/bin:/Users/andy/.sdkman/candidates/sbt/current/bin:/Users/andy/.sdkman/candidates/groovy/current/bin:/Users/andy/.sdkman/candidates/gradle/current/bin:/Users/andy/.npm-global/bin:/opt/maven/bin:/usr/local/bin:/usr/bin:/bin:/usr/sbin:/sbin:/usr/local/git/bin:/usr/local/MacGPG2/bin:/Users/andy/.gem/ruby/2.0.0/bin:/usr/local/share/maven/bin
10 verbose lifecycle codeaddslife.github.io@1.0.0~start: CWD: /Users/andy/git/codeaddslife/codeaddslife.github.io
11 silly lifecycle codeaddslife.github.io@1.0.0~start: Args: [ '-c', 'npm run build && npm run serve' ]
12 silly lifecycle codeaddslife.github.io@1.0.0~start: Returned: code: 1  signal: null
13 info lifecycle codeaddslife.github.io@1.0.0~start: Failed to exec start script
14 verbose stack Error: codeaddslife.github.io@1.0.0 start: `npm run build && npm run serve`
14 verbose stack Exit status 1
14 verbose stack     at EventEmitter.<anonymous> (/usr/local/lib/node_modules/npm/lib/utils/lifecycle.js:255:16)
14 verbose stack     at emitTwo (events.js:106:13)
14 verbose stack     at EventEmitter.emit (events.js:191:7)
14 verbose stack     at ChildProcess.<anonymous> (/usr/local/lib/node_modules/npm/lib/utils/spawn.js:40:14)
14 verbose stack     at emitTwo (events.js:106:13)
14 verbose stack     at ChildProcess.emit (events.js:191:7)
14 verbose stack     at maybeClose (internal/child_process.js:877:16)
14 verbose stack     at Process.ChildProcess._handle.onexit (internal/child_process.js:226:5)
15 verbose pkgid codeaddslife.github.io@1.0.0
16 verbose cwd /Users/andy/git/codeaddslife/codeaddslife.github.io
17 error Darwin 16.4.0
18 error argv "/usr/local/bin/node" "/usr/local/bin/npm" "start"
19 error node v6.9.5
20 error npm  v3.10.10
21 error code ELIFECYCLE
22 error codeaddslife.github.io@1.0.0 start: `npm run build && npm run serve`
22 error Exit status 1
23 error Failed at the codeaddslife.github.io@1.0.0 start script 'npm run build && npm run serve'.
23 error Make sure you have the latest version of node.js and npm installed.
23 error If you do, this is most likely a problem with the codeaddslife.github.io package,
23 error not with npm itself.
23 error Tell the author that this fails on your system:
23 error     npm run build && npm run serve
23 error You can get information on how to open an issue for this project with:
23 error     npm bugs codeaddslife.github.io
23 error Or if that isn't available, you can get their info via:
23 error     npm owner ls codeaddslife.github.io
23 error There is likely additional logging output above.
24 verbose exit [ 1, true ]
